Arguments: 
  /usr/local/bin/node /usr/local/bin/yarn add express body-parser cors mongoose

PATH: 
  /Users/tomfoolery/Downloads/google-cloud-sdk/bin:/usr/local/opt/gettext/bin:/usr/lib/google-cloud-sdk/bin:/Users/tomfoolery/flutter/bin:/usr/local/bin:/usr/bin:/bin:/usr/sbin:/sbin

Yarn version: 
  1.13.0

Node version: 
  10.15.0

Platform: 
  darwin x64

Trace: 
  SyntaxError: /Users/tomfoolery/Downloads/user-info/asset_service/package.json: Unexpected token } in JSON at position 176
      at JSON.parse (<anonymous>)
      at /usr/local/lib/node_modules/yarn/lib/cli.js:1625:59
      at Generator.next (<anonymous>)
      at step (/usr/local/lib/node_modules/yarn/lib/cli.js:304:30)
      at /usr/local/lib/node_modules/yarn/lib/cli.js:315:13

npm manifest: 
  {
    "name": "asset-service",
    "version": "1.0.0",
    "description": "Basic service for retrieving user information from the directory.",
    "repository": {
      "type": "git",
    },
    "main": "index.js",
    "scripts": {
      "start": "node index.js",
      "lint": "eslint ."
    },
    "author": "Arin Trongsantipong",
    "license": "MIT",
    "dependencies": {
      "express": "^4.13.4",
    },
    "devDependencies": {
      "eslint": "^2.7.0",
      "mocha": "^2.4.5",
      "node-inspector": "^0.12.7",
      "should": "^8.3.0",
      "supertest": "^1.2.0"
    },
    "eslintConfig": {
      "parserOptions": {
        "ecmaVersion": 6,
        "sourceType": "module"
      },
      "rules": {
        "semi": 2
      }
    }
  }

yarn manifest: 
  No manifest

Lockfile: 
  No lockfile
